#
# A fatal error has been detected by the Java Runtime Environment:
#
#  Internal Error (javaClasses.cpp:136), pid=12701, tid=3059870528
#  fatal error: Invalid layout of preloaded class
#
# JRE version:  (7.0_55-b14) (build )
# Java VM: OpenJDK Server VM (24.51-b03 mixed mode linux-x86 )
# Failed to write core dump. Core dumps have been disabled. To enable core dumping, try "ulimit -c unlimited" before starting Java again
#
# If you would like to submit a bug report, please include
# instructions on how to reproduce the bug and visit:
#   http://icedtea.classpath.org/bugzilla
#

---------------  T H R E A D  ---------------

Current thread (0xb6407800):  JavaThread "Unknown thread" [_thread_in_vm, id=12702, stack(0xb65ce000,0xb661f000)]

Stack: [0xb65ce000,0xb661f000]

---------------  P R O C E S S  ---------------

Java Threads: ( => current thread )

Other Threads:

=>0xb6407800 (exited) JavaThread "Unknown thread" [_thread_in_vm, id=12702, stack(0xb65ce000,0xb661f000)]

VM state:not at safepoint (not fully initialized)

VM Mutex/Monitor currently owned by a thread: None

GC Heap History (0 events):
No events

Deoptimization events (0 events):
No events

Internal exceptions (0 events):
No events

Events (10 events):
Event: 0.062 loading class 0x6ad24670 done
Event: 0.062 loading class 0x6ad24100 done
Event: 0.062 loading class 0x6ad240e0
Event: 0.062 loading class 0x6ad2b370
Event: 0.062 loading class 0x6ad2b370 done
Event: 0.062 loading class 0x6ad2b3a0
Event: 0.062 loading class 0x6ad2b3a0 done
Event: 0.062 loading class 0x6ad2b3d0
Event: 0.062 loading class 0x6ad2b3d0 done
Event: 0.062 loading class 0x6ad240e0 done


Dynamic libraries:
08048000-08049000 r-xp 00000000 08:05 399799     /usr/lib/jvm/java-7-openjdk-i386/jre/bin/java
08049000-0804a000 r--p 00000000 08:05 399799     /usr/lib/jvm/java-7-openjdk-i386/jre/bin/java
0804a000-0804b000 rw-p 00001000 08:05 399799     /usr/lib/jvm/java-7-openjdk-i386/jre/bin/java
08aa6000-08ac7000 rw-p 00000000 00:00 0          [heap]
676a9000-67780000 r--s 013fe000 08:05 2243000    /home/felilein/Arbeitsfläche/adt-bundle-linux-x86-20131030/sdk/platforms/android-19/android.jar
67780000-6a000000 rw-p 00000000 00:00 0 
6a000000-6a021000 rw-p 00000000 00:00 0 
6a021000-6a100000 ---p 00000000 00:00 0 
6a17f000-6a180000 ---p 00000000 00:00 0 
6a180000-6a200000 rw-p 00000000 00:00 0          [stack:12715]
6a200000-6a221000 rw-p 00000000 00:00 0 
6a221000-6a300000 ---p 00000000 00:00 0 
6a37f000-6a380000 ---p 00000000 00:00 0 
6a380000-6a400000 rw-p 00000000 00:00 0          [stack:12714]
6a400000-6a421000 rw-p 00000000 00:00 0 
6a421000-6a500000 ---p 00000000 00:00 0 
6a57f000-6a580000 ---p 00000000 00:00 0 
6a580000-6a600000 rw-p 00000000 00:00 0          [stack:12712]
6a600000-6a621000 rw-p 00000000 00:00 0 
6a621000-6a700000 ---p 00000000 00:00 0 
6a77f000-6a780000 ---p 00000000 00:00 0 
6a780000-6a800000 rw-p 00000000 00:00 0          [stack:12710]
6a800000-6a821000 rw-p 00000000 00:00 0 
6a821000-6a900000 ---p 00000000 00:00 0 
6a97f000-6a980000 ---p 00000000 00:00 0 
6a980000-6aa00000 rw-p 00000000 00:00 0          [stack:12708]
6aa00000-6aa21000 rw-p 00000000 00:00 0 
6aa21000-6ab00000 ---p 00000000 00:00 0 
6ab58000-6ab7f000 rw-p 00000000 00:00 0 
6ab7f000-6ab80000 ---p 00000000 00:00 0 
6ab80000-6ac00000 rw-p 00000000 00:00 0          [stack:12706]
6ac00000-6ac21000 rw-p 00000000 00:00 0 
6ac21000-6ad00000 ---p 00000000 00:00 0 
6ad24000-6ad7f000 rw-p 00000000 00:00 0 
6ad7f000-6ad80000 ---p 00000000 00:00 0 
6ad80000-6ae00000 rw-p 00000000 00:00 0          [stack:12705]
6ae00000-6ae21000 rw-p 00000000 00:00 0 
6ae21000-6af00000 ---p 00000000 00:00 0 
6af0d000-6af28000 rw-p 00000000 00:00 0 
6af28000-6af29000 ---p 00000000 00:00 0 
6af29000-6afbf000 rw-p 00000000 00:00 0          [stack:12703]
6afbf000-6b0ff000 rw-p 00000000 00:00 0 
6b0ff000-6b107000 rw-p 00000000 00:00 0 
6b107000-6b13f000 rw-p 00000000 00:00 0 
6b13f000-6b155000 rw-p 00000000 00:00 0 
6b155000-6b294000 rw-p 00000000 00:00 0 
6b294000-6b29f000 rw-p 00000000 00:00 0 
6b29f000-6b33f000 rw-p 00000000 00:00 0 
6b33f000-6c340000 rw-p 00000000 00:00 0 
6c340000-73340000 rw-p 00000000 00:00 0 
73340000-75dc0000 rw-p 00000000 00:00 0 
75dc0000-9ddc0000 rw-p 00000000 00:00 0 
9ddc0000-9f340000 rw-p 00000000 00:00 0 
9f340000-b3340000 rw-p 00000000 00:00 0 
b3340000-b3349000 rw-p 00000000 00:00 0 
b3349000-b3400000 rw-p 00000000 00:00 0 
b3400000-b3640000 rwxp 00000000 00:00 0 
b3640000-b645d000 rw-p 00000000 00:00 0 
b645d000-b6500000 ---p 00000000 00:00 0 
b6509000-b6511000 rw-p 00000000 00:00 0 
b6511000-b6549000 rw-p 00000000 00:00 0 
b6549000-b6554000 r-xp 00000000 08:05 1048825    /lib/i386-linux-gnu/libnss_files-2.17.so
b6554000-b6555000 r--p 0000a000 08:05 1048825    /lib/i386-linux-gnu/libnss_files-2.17.so
b6555000-b6556000 rw-p 0000b000 08:05 1048825    /lib/i386-linux-gnu/libnss_files-2.17.so
b6556000-b6560000 r-xp 00000000 08:05 1048821    /lib/i386-linux-gnu/libnss_nis-2.17.so
b6560000-b6561000 r--p 00009000 08:05 1048821    /lib/i386-linux-gnu/libnss_nis-2.17.so
b6561000-b6562000 rw-p 0000a000 08:05 1048821    /lib/i386-linux-gnu/libnss_nis-2.17.so
b6562000-b6577000 r-xp 00000000 08:05 1048806    /lib/i386-linux-gnu/libnsl-2.17.so
b6577000-b6578000 r--p 00014000 08:05 1048806    /lib/i386-linux-gnu/libnsl-2.17.so
b6578000-b6579000 rw-p 00015000 08:05 1048806    /lib/i386-linux-gnu/libnsl-2.17.so
b6579000-b657b000 rw-p 00000000 00:00 0 
b657b000-b6582000 r-xp 00000000 08:05 1048816    /lib/i386-linux-gnu/libnss_compat-2.17.so
b6582000-b6583000 r--p 00006000 08:05 1048816    /lib/i386-linux-gnu/libnss_compat-2.17.so
b6583000-b6584000 rw-p 00007000 08:05 1048816    /lib/i386-linux-gnu/libnss_compat-2.17.so
b658a000-b6592000 r-xp 00000000 08:05 399848     /usr/lib/jvm/java-7-openjdk-i386/jre/lib/i386/libzip.so
b6592000-b6593000 r--p 00007000 08:05 399848     /usr/lib/jvm/java-7-openjdk-i386/jre/lib/i386/libzip.so
b6593000-b6594000 rw-p 00008000 08:05 399848     /usr/lib/jvm/java-7-openjdk-i386/jre/lib/i386/libzip.so
b6594000-b659c000 rw-s 00000000 08:05 1462000    /tmp/hsperfdata_felilein/12701
b659c000-b65c3000 r-xp 00000000 08:05 399861     /usr/lib/jvm/java-7-openjdk-i386/jre/lib/i386/libjava.so
b65c3000-b65c4000 r--p 00026000 08:05 399861     /usr/lib/jvm/java-7-openjdk-i386/jre/lib/i386/libjava.so
b65c4000-b65c5000 rw-p 00027000 08:05 399861     /usr/lib/jvm/java-7-openjdk-i386/jre/lib/i386/libjava.so
b65c5000-b65cc000 r-xp 00000000 08:05 1048803    /lib/i386-linux-gnu/librt-2.17.so
b65cc000-b65cd000 r--p 00006000 08:05 1048803    /lib/i386-linux-gnu/librt-2.17.so
b65cd000-b65ce000 rw-p 00007000 08:05 1048803    /lib/i386-linux-gnu/librt-2.17.so
b65ce000-b65d1000 ---p 00000000 00:00 0 
b65d1000-b661f000 rw-p 00000000 00:00 0          [stack:12702]
b661f000-b663a000 r-xp 00000000 08:05 1049340    /lib/i386-linux-gnu/libgcc_s.so.1
b663a000-b663b000 r--p 0001a000 08:05 1049340    /lib/i386-linux-gnu/libgcc_s.so.1
b663b000-b663c000 rw-p 0001b000 08:05 1049340    /lib/i386-linux-gnu/libgcc_s.so.1
b663c000-b667d000 r-xp 00000000 08:05 1048819    /lib/i386-linux-gnu/libm-2.17.so
b667d000-b667e000 r--p 00040000 08:05 1048819    /lib/i386-linux-gnu/libm-2.17.so
b667e000-b667f000 rw-p 00041000 08:05 1048819    /lib/i386-linux-gnu/libm-2.17.so
b667f000-b675c000 r-xp 00000000 08:05 405045     /usr/lib/i386-linux-gnu/libstdc++.so.6.0.18
b675c000-b6760000 r--p 000dc000 08:05 405045     /usr/lib/i386-linux-gnu/libstdc++.so.6.0.18
b6760000-b6761000 rw-p 000e0000 08:05 405045     /usr/lib/i386-linux-gnu/libstdc++.so.6.0.18
b6761000-b6768000 rw-p 00000000 00:00 0 
b6768000-b7132000 r-xp 00000000 08:05 399875     /usr/lib/jvm/java-7-openjdk-i386/jre/lib/i386/server/libjvm.so
b7132000-b7133000 ---p 009ca000 08:05 399875     /usr/lib/jvm/java-7-openjdk-i386/jre/lib/i386/server/libjvm.so
b7133000-b7184000 r--p 009ca000 08:05 399875     /usr/lib/jvm/java-7-openjdk-i386/jre/lib/i386/server/libjvm.so
b7184000-b7198000 rw-p 00a1b000 08:05 399875     /usr/lib/jvm/java-7-openjdk-i386/jre/lib/i386/server/libjvm.so
b7198000-b75b6000 rw-p 00000000 00:00 0 
b75b6000-b75ce000 r-xp 00000000 08:05 1048843    /lib/i386-linux-gnu/libz.so.1.2.8
b75ce000-b75cf000 r--p 00017000 08:05 1048843    /lib/i386-linux-gnu/libz.so.1.2.8
b75cf000-b75d0000 rw-p 00018000 08:05 1048843    /lib/i386-linux-gnu/libz.so.1.2.8
b75d0000-b75e7000 r-xp 00000000 08:05 1048818    /lib/i386-linux-gnu/libpthread-2.17.so
b75e7000-b75e8000 r--p 00016000 08:05 1048818    /lib/i386-linux-gnu/libpthread-2.17.so
b75e8000-b75e9000 rw-p 00017000 08:05 1048818    /lib/i386-linux-gnu/libpthread-2.17.so
b75e9000-b75eb000 rw-p 00000000 00:00 0 
b75eb000-b75ee000 r-xp 00000000 08:05 1048814    /lib/i386-linux-gnu/libdl-2.17.so
b75ee000-b75ef000 r--p 00002000 08:05 1048814    /lib/i386-linux-gnu/libdl-2.17.so
b75ef000-b75f0000 rw-p 00003000 08:05 1048814    /lib/i386-linux-gnu/libdl-2.17.so
b75f0000-b779e000 r-xp 00000000 08:05 1048813    /lib/i386-linux-gnu/libc-2.17.so
b779e000-b77a0000 r--p 001ae000 08:05 1048813    /lib/i386-linux-gnu/libc-2.17.so
b77a0000-b77a1000 rw-p 001b0000 08:05 1048813    /lib/i386-linux-gnu/libc-2.17.so
b77a1000-b77a4000 rw-p 00000000 00:00 0 
b77aa000-b77ab000 rw-p 00000000 00:00 0 
b77ab000-b77ac000 r--p 00000000 00:00 0 
b77ac000-b77ba000 r-xp 00000000 08:05 399878     /usr/lib/jvm/java-7-openjdk-i386/jre/lib/i386/libverify.so
b77ba000-b77bb000 r--p 0000d000 08:05 399878     /usr/lib/jvm/java-7-openjdk-i386/jre/lib/i386/libverify.so
b77bb000-b77bc000 rw-p 0000e000 08:05 399878     /usr/lib/jvm/java-7-openjdk-i386/jre/lib/i386/libverify.so
b77bc000-b77c8000 r-xp 00000000 08:05 399845     /usr/lib/jvm/java-7-openjdk-i386/jre/lib/i386/jli/libjli.so
b77c8000-b77c9000 r--p 0000c000 08:05 399845     /usr/lib/jvm/java-7-openjdk-i386/jre/lib/i386/jli/libjli.so
b77c9000-b77ca000 rw-p 0000d000 08:05 399845     /usr/lib/jvm/java-7-openjdk-i386/jre/lib/i386/jli/libjli.so
b77ca000-b77cd000 rw-p 00000000 00:00 0 
b77cd000-b77ce000 r-xp 00000000 00:00 0          [vdso]
b77ce000-b77ee000 r-xp 00000000 08:05 1048809    /lib/i386-linux-gnu/ld-2.17.so
b77ee000-b77ef000 r--p 0001f000 08:05 1048809    /lib/i386-linux-gnu/ld-2.17.so
b77ef000-b77f0000 rw-p 00020000 08:05 1048809    /lib/i386-linux-gnu/ld-2.17.so
bfb62000-bfb83000 rw-p 00000000 00:00 0          [stack]

VM Arguments:
jvm_args: -Dfile.encoding=UTF-8 -Xbootclasspath:/home/felilein/Arbeitsfläche/adt-bundle-linux-x86-20131030/sdk/platforms/android-19/android.jar 
java_command: main.Controller
Launcher Type: SUN_STANDARD

Environment Variables:
PATH=/usr/lib/lightdm/lightdm:/usr/local/sbin:/usr/local/bin:/usr/sbin:/usr/bin:/sbin:/bin:/usr/games:/usr/local/games
LD_LIBRARY_PATH=/usr/lib/jvm/java-7-openjdk-i386/jre/lib/i386/server:/usr/lib/jvm/java-7-openjdk-i386/jre/lib/i386:/usr/lib/jvm/java-7-openjdk-i386/jre/../lib/i386:/usr/lib/jvm/java-7-openjdk-i386/jre/lib/i386/client:/usr/lib/jvm/java-7-openjdk-i386/jre/lib/i386:
SHELL=/bin/bash
DISPLAY=:0.0

Signal Handlers:
SIGSEGV: [libjvm.so+0x7ecf40], sa_mask[0]=0x7ffbfeff, sa_flags=0x10000004
SIGBUS: [libjvm.so+0x7ecf40], sa_mask[0]=0x7ffbfeff, sa_flags=0x10000004
SIGFPE: [libjvm.so+0x66abf0], sa_mask[0]=0x7ffbfeff, sa_flags=0x10000004
SIGPIPE: [libjvm.so+0x66abf0], sa_mask[0]=0x7ffbfeff, sa_flags=0x10000004
SIGXFSZ: [libjvm.so+0x66abf0], sa_mask[0]=0x7ffbfeff, sa_flags=0x10000004
SIGILL: [libjvm.so+0x66abf0], sa_mask[0]=0x7ffbfeff, sa_flags=0x10000004
SIGUSR1: SIG_DFL, sa_mask[0]=0x00000000, sa_flags=0x00000000
SIGUSR2: [libjvm.so+0x66aa80], sa_mask[0]=0x00000004, sa_flags=0x10000004
SIGHUP: SIG_DFL, sa_mask[0]=0x00000000, sa_flags=0x00000000
SIGINT: SIG_DFL, sa_mask[0]=0x00000000, sa_flags=0x00000000
SIGTERM: SIG_DFL, sa_mask[0]=0x00000000, sa_flags=0x00000000
SIGQUIT: SIG_DFL, sa_mask[0]=0x00000000, sa_flags=0x00000000


---------------  S Y S T E M  ---------------

OS:Ubuntu 13.10 (saucy)
uname:Linux 3.11.0-26-generic #45-Ubuntu SMP Tue Jul 15 04:04:15 UTC 2014 i686
libc:glibc 2.17 NPTL 2.17 
rlimit: STACK 8192k, CORE 0k, NPROC 128822, NOFILE 4096, AS infinity
load average:11.39 11.39 11.19

/proc/meminfo:
MemTotal:       16506892 kB
MemFree:        10713492 kB
Buffers:          206660 kB
Cached:          3725032 kB
SwapCached:            0 kB
Active:          2944636 kB
Inactive:        2410148 kB
Active(anon):    1424248 kB
Inactive(anon):    65532 kB
Active(file):    1520388 kB
Inactive(file):  2344616 kB
Unevictable:          32 kB
Mlocked:              32 kB
HighTotal:      15785156 kB
HighFree:       10355268 kB
LowTotal:         721736 kB
LowFree:          358224 kB
SwapTotal:      16696316 kB
SwapFree:       16696316 kB
Dirty:                 0 kB
Writeback:             0 kB
AnonPages:       1423008 kB
Mapped:           243952 kB
Shmem:             66692 kB
Slab:             137132 kB
SReclaimable:     108848 kB
SUnreclaim:        28284 kB
KernelStack:        5168 kB
PageTables:        13288 kB
NFS_Unstable:          0 kB
Bounce:              192 kB
WritebackTmp:          0 kB
CommitLimit:    24949760 kB
Committed_AS:    5520392 kB
VmallocTotal:     122880 kB
VmallocUsed:       50644 kB
VmallocChunk:      19740 kB
HardwareCorrupted:     0 kB
AnonHugePages:         0 kB
HugePages_Total:       0
HugePages_Free:        0
HugePages_Rsvd:        0
HugePages_Surp:        0
Hugepagesize:       2048 kB
DirectMap4k:       24568 kB
DirectMap2M:      888832 kB


CPU:total 8 (4 cores per cpu, 2 threads per core) family 6 model 45 stepping 7, cmov, cx8, fxsr, mmx, sse, sse2, sse3, ssse3, sse4.1, sse4.2, popcnt, avx, aes, ht, tsc, tscinvbit, tscinv

/proc/cpuinfo:
processor	: 0
vendor_id	: GenuineIntel
cpu family	: 6
model		: 45
model name	: Intel(R) Core(TM) i7-3820 CPU @ 3.60GHz
stepping	: 7
microcode	: 0x70c
cpu MHz		: 3601.000
cache size	: 10240 KB
physical id	: 0
siblings	: 8
core id		: 0
cpu cores	: 4
apicid		: 0
initial apicid	: 0
fdiv_bug	: no
f00f_bug	: no
coma_bug	: no
fpu		: yes
fpu_exception	: yes
cpuid level	: 13
wp		: yes
flags		: fpu vme de pse tsc msr pae mce cx8 apic sep mtrr pge mca cmov pat pse36 clflush dts acpi mmx fxsr sse sse2 ss ht tm pbe nx pdpe1gb rdtscp lm constant_tsc arch_perfmon pebs bts xtopology nonstop_tsc aperfmperf eagerfpu pni pclmulqdq dtes64 monitor ds_cpl vmx est tm2 ssse3 cx16 xtpr pdcm pcid dca sse4_1 sse4_2 x2apic popcnt tsc_deadline_timer aes xsave avx lahf_lm ida arat epb xsaveopt pln pts dtherm tpr_shadow vnmi flexpriority ept vpid
bogomips	: 7200.21
clflush size	: 64
cache_alignment	: 64
address sizes	: 46 bits physical, 48 bits virtual
power management:

processor	: 1
vendor_id	: GenuineIntel
cpu family	: 6
model		: 45
model name	: Intel(R) Core(TM) i7-3820 CPU @ 3.60GHz
stepping	: 7
microcode	: 0x70c
cpu MHz		: 3601.000
cache size	: 10240 KB
physical id	: 0
siblings	: 8
core id		: 1
cpu cores	: 4
apicid		: 2
initial apicid	: 2
fdiv_bug	: no
f00f_bug	: no
coma_bug	: no
fpu		: yes
fpu_exception	: yes
cpuid level	: 13
wp		: yes
flags		: fpu vme de pse tsc msr pae mce cx8 apic sep mtrr pge mca cmov pat pse36 clflush dts acpi mmx fxsr sse sse2 ss ht tm pbe nx pdpe1gb rdtscp lm constant_tsc arch_perfmon pebs bts xtopology nonstop_tsc aperfmperf eagerfpu pni pclmulqdq dtes64 monitor ds_cpl vmx est tm2 ssse3 cx16 xtpr pdcm pcid dca sse4_1 sse4_2 x2apic popcnt tsc_deadline_timer aes xsave avx lahf_lm ida arat epb xsaveopt pln pts dtherm tpr_shadow vnmi flexpriority ept vpid
bogomips	: 7200.21
clflush size	: 64
cache_alignment	: 64
address sizes	: 46 bits physical, 48 bits virtual
power management:

processor	: 2
vendor_id	: GenuineIntel
cpu family	: 6
model		: 45
model name	: Intel(R) Core(TM) i7-3820 CPU @ 3.60GHz
stepping	: 7
microcode	: 0x70c
cpu MHz		: 3601.000
cache size	: 10240 KB
physical id	: 0
siblings	: 8
core id		: 2
cpu cores	: 4
apicid		: 4
initial apicid	: 4
fdiv_bug	: no
f00f_bug	: no
coma_bug	: no
fpu		: yes
fpu_exception	: yes
cpuid level	: 13
wp		: yes
flags		: fpu vme de pse tsc msr pae mce cx8 apic sep mtrr pge mca cmov pat pse36 clflush dts acpi mmx fxsr sse sse2 ss ht tm pbe nx pdpe1gb rdtscp lm constant_tsc arch_perfmon pebs bts xtopology nonstop_tsc aperfmperf eagerfpu pni pclmulqdq dtes64 monitor ds_cpl vmx est tm2 ssse3 cx16 xtpr pdcm pcid dca sse4_1 sse4_2 x2apic popcnt tsc_deadline_timer aes xsave avx lahf_lm ida arat epb xsaveopt pln pts dtherm tpr_shadow vnmi flexpriority ept vpid
bogomips	: 7200.21
clflush size	: 64
cache_alignment	: 64
address sizes	: 46 bits physical, 48 bits virtual
power management:

processor	: 3
vendor_id	: GenuineIntel
cpu family	: 6
model		: 45
model name	: Intel(R) Core(TM) i7-3820 CPU @ 3.60GHz
stepping	: 7
microcode	: 0x70c
cpu MHz		: 3601.000
cache size	: 10240 KB
physical id	: 0
siblings	: 8
core id		: 3
cpu cores	: 4
apicid		: 6
initial apicid	: 6
fdiv_bug	: no
f00f_bug	: no
coma_bug	: no
fpu		: yes
fpu_exception	: yes
cpuid level	: 13
wp		: yes
flags		: fpu vme de pse tsc msr pae mce cx8 apic sep mtrr pge mca cmov pat pse36 clflush dts acpi mmx fxsr sse sse2 ss ht tm pbe nx pdpe1gb rdtscp lm constant_tsc arch_perfmon pebs bts xtopology nonstop_tsc aperfmperf eagerfpu pni pclmulqdq dtes64 monitor ds_cpl vmx est tm2 ssse3 cx16 xtpr pdcm pcid dca sse4_1 sse4_2 x2apic popcnt tsc_deadline_timer aes xsave avx lahf_lm ida arat epb xsaveopt pln pts dtherm tpr_shadow vnmi flexpriority ept vpid
bogomips	: 7200.21
clflush size	: 64
cache_alignment	: 64
address sizes	: 46 bits physical, 48 bits virtual
power management:

processor	: 4
vendor_id	: GenuineIntel
cpu family	: 6
model		: 45
model name	: Intel(R) Core(TM) i7-3820 CPU @ 3.60GHz
stepping	: 7
microcode	: 0x70c
cpu MHz		: 3601.000
cache size	: 10240 KB
physical id	: 0
siblings	: 8
core id		: 0
cpu cores	: 4
apicid		: 1
initial apicid	: 1
fdiv_bug	: no
f00f_bug	: no
coma_bug	: no
fpu		: yes
fpu_exception	: yes
cpuid level	: 13
wp		: yes
flags		: fpu vme de pse tsc msr pae mce cx8 apic sep mtrr pge mca cmov pat pse36 clflush dts acpi mmx fxsr sse sse2 ss ht tm pbe nx pdpe1gb rdtscp lm constant_tsc arch_perfmon pebs bts xtopology nonstop_tsc aperfmperf eagerfpu pni pclmulqdq dtes64 monitor ds_cpl vmx est tm2 ssse3 cx16 xtpr pdcm pcid dca sse4_1 sse4_2 x2apic popcnt tsc_deadline_timer aes xsave avx lahf_lm ida arat epb xsaveopt pln pts dtherm tpr_shadow vnmi flexpriority ept vpid
bogomips	: 7200.21
clflush size	: 64
cache_alignment	: 64
address sizes	: 46 bits physical, 48 bits virtual
power management:

processor	: 5
vendor_id	: GenuineIntel
cpu family	: 6
model		: 45
model name	: Intel(R) Core(TM) i7-3820 CPU @ 3.60GHz
stepping	: 7
microcode	: 0x70c
cpu MHz		: 3601.000
cache size	: 10240 KB
physical id	: 0
siblings	: 8
core id		: 1
cpu cores	: 4
apicid		: 3
initial apicid	: 3
fdiv_bug	: no
f00f_bug	: no
coma_bug	: no
fpu		: yes
fpu_exception	: yes
cpuid level	: 13
wp		: yes
flags		: fpu vme de pse tsc msr pae mce cx8 apic sep mtrr pge mca cmov pat pse36 clflush dts acpi mmx fxsr sse sse2 ss ht tm pbe nx pdpe1gb rdtscp lm constant_tsc arch_perfmon pebs bts xtopology nonstop_tsc aperfmperf eagerfpu pni pclmulqdq dtes64 monitor ds_cpl vmx est tm2 ssse3 cx16 xtpr pdcm pcid dca sse4_1 sse4_2 x2apic popcnt tsc_deadline_timer aes xsave avx lahf_lm ida arat epb xsaveopt pln pts dtherm tpr_shadow vnmi flexpriority ept vpid
bogomips	: 7200.21
clflush size	: 64
cache_alignment	: 64
address sizes	: 46 bits physical, 48 bits virtual
power management:

processor	: 6
vendor_id	: GenuineIntel
cpu family	: 6
model		: 45
model name	: Intel(R) Core(TM) i7-3820 CPU @ 3.60GHz
stepping	: 7
microcode	: 0x70c
cpu MHz		: 3601.000
cache size	: 10240 KB
physical id	: 0
siblings	: 8
core id		: 2
cpu cores	: 4
apicid		: 5
initial apicid	: 5
fdiv_bug	: no
f00f_bug	: no
coma_bug	: no
fpu		: yes
fpu_exception	: yes
cpuid level	: 13
wp		: yes
flags		: fpu vme de pse tsc msr pae mce cx8 apic sep mtrr pge mca cmov pat pse36 clflush dts acpi mmx fxsr sse sse2 ss ht tm pbe nx pdpe1gb rdtscp lm constant_tsc arch_perfmon pebs bts xtopology nonstop_tsc aperfmperf eagerfpu pni pclmulqdq dtes64 monitor ds_cpl vmx est tm2 ssse3 cx16 xtpr pdcm pcid dca sse4_1 sse4_2 x2apic popcnt tsc_deadline_timer aes xsave avx lahf_lm ida arat epb xsaveopt pln pts dtherm tpr_shadow vnmi flexpriority ept vpid
bogomips	: 7200.21
clflush size	: 64
cache_alignment	: 64
address sizes	: 46 bits physical, 48 bits virtual
power management:

processor	: 7
vendor_id	: GenuineIntel
cpu family	: 6
model		: 45
model name	: Intel(R) Core(TM) i7-3820 CPU @ 3.60GHz
stepping	: 7
microcode	: 0x70c
cpu MHz		: 3601.000
cache size	: 10240 KB
physical id	: 0
siblings	: 8
core id		: 3
cpu cores	: 4
apicid		: 7
initial apicid	: 7
fdiv_bug	: no
f00f_bug	: no
coma_bug	: no
fpu		: yes
fpu_exception	: yes
cpuid level	: 13
wp		: yes
flags		: fpu vme de pse tsc msr pae mce cx8 apic sep mtrr pge mca cmov pat pse36 clflush dts acpi mmx fxsr sse sse2 ss ht tm pbe nx pdpe1gb rdtscp lm constant_tsc arch_perfmon pebs bts xtopology nonstop_tsc aperfmperf eagerfpu pni pclmulqdq dtes64 monitor ds_cpl vmx est tm2 ssse3 cx16 xtpr pdcm pcid dca sse4_1 sse4_2 x2apic popcnt tsc_deadline_timer aes xsave avx lahf_lm ida arat epb xsaveopt pln pts dtherm tpr_shadow vnmi flexpriority ept vpid
bogomips	: 7200.21
clflush size	: 64
cache_alignment	: 64
address sizes	: 46 bits physical, 48 bits virtual
power management:



Memory: 4k page, physical 16506892k(10713492k free), swap 16696316k(16696316k free)

vm_info: OpenJDK Server VM (24.51-b03) for linux-x86 JRE (1.7.0_55-b14), built on Apr 17 2014 21:15:58 by "buildd" with gcc 4.8.1

time: Mon Dec  1 21:42:22 2014
elapsed time: 0 seconds

