#
# A fatal error has been detected by the Java Runtime Environment:
#
#  Internal Error (javaClasses.cpp:136), pid=13960, tid=3059321664
#  fatal error: Invalid layout of preloaded class
#
# JRE version:  (7.0_55-b14) (build )
# Java VM: OpenJDK Server VM (24.51-b03 mixed mode linux-x86 )
# Failed to write core dump. Core dumps have been disabled. To enable core dumping, try "ulimit -c unlimited" before starting Java again
#
# If you would like to submit a bug report, please include
# instructions on how to reproduce the bug and visit:
#   http://icedtea.classpath.org/bugzilla
#

---------------  T H R E A D  ---------------

Current thread (0xb6409000):  JavaThread "Unknown thread" [_thread_in_vm, id=13962, stack(0xb6548000,0xb6599000)]

Stack: [0xb6548000,0xb6599000]

---------------  P R O C E S S  ---------------

Java Threads: ( => current thread )

Other Threads:

=>0xb6409000 (exited) JavaThread "Unknown thread" [_thread_in_vm, id=13962, stack(0xb6548000,0xb6599000)]

VM state:not at safepoint (not fully initialized)

VM Mutex/Monitor currently owned by a thread: None

GC Heap History (0 events):
No events

Deoptimization events (0 events):
No events

Internal exceptions (0 events):
No events

Events (10 events):
Event: 0,054 loading class 0x6a924670 done
Event: 0,054 loading class 0x6a924100 done
Event: 0,054 loading class 0x6a9240e0
Event: 0,054 loading class 0x6a92b370
Event: 0,054 loading class 0x6a92b370 done
Event: 0,054 loading class 0x6a92b3a0
Event: 0,054 loading class 0x6a92b3a0 done
Event: 0,054 loading class 0x6a92b3d0
Event: 0,054 loading class 0x6a92b3d0 done
Event: 0,055 loading class 0x6a9240e0 done


Dynamic libraries:
08048000-08049000 r-xp 00000000 08:05 399799     /usr/lib/jvm/java-7-openjdk-i386/jre/bin/java
08049000-0804a000 r--p 00000000 08:05 399799     /usr/lib/jvm/java-7-openjdk-i386/jre/bin/java
0804a000-0804b000 rw-p 00001000 08:05 399799     /usr/lib/jvm/java-7-openjdk-i386/jre/bin/java
099bc000-099dd000 rw-p 00000000 00:00 0          [heap]
672a9000-67380000 r--s 013fe000 08:05 2243000    /home/felilein/Arbeitsfläche/adt-bundle-linux-x86-20131030/sdk/platforms/android-19/android.jar
67380000-69c00000 rw-p 00000000 00:00 0 
69c00000-69c21000 rw-p 00000000 00:00 0 
69c21000-69d00000 ---p 00000000 00:00 0 
69d7f000-69d80000 ---p 00000000 00:00 0 
69d80000-69e00000 rw-p 00000000 00:00 0          [stack:13972]
69e00000-69e21000 rw-p 00000000 00:00 0 
69e21000-69f00000 ---p 00000000 00:00 0 
69f7f000-69f80000 ---p 00000000 00:00 0 
69f80000-6a000000 rw-p 00000000 00:00 0          [stack:13971]
6a000000-6a021000 rw-p 00000000 00:00 0 
6a021000-6a100000 ---p 00000000 00:00 0 
6a17f000-6a180000 ---p 00000000 00:00 0 
6a180000-6a200000 rw-p 00000000 00:00 0          [stack:13969]
6a200000-6a221000 rw-p 00000000 00:00 0 
6a221000-6a300000 ---p 00000000 00:00 0 
6a37f000-6a380000 ---p 00000000 00:00 0 
6a380000-6a400000 rw-p 00000000 00:00 0          [stack:13967]
6a400000-6a421000 rw-p 00000000 00:00 0 
6a421000-6a500000 ---p 00000000 00:00 0 
6a57f000-6a580000 ---p 00000000 00:00 0 
6a580000-6a600000 rw-p 00000000 00:00 0          [stack:13966]
6a600000-6a621000 rw-p 00000000 00:00 0 
6a621000-6a700000 ---p 00000000 00:00 0 
6a758000-6a77f000 rw-p 00000000 00:00 0 
6a77f000-6a780000 ---p 00000000 00:00 0 
6a780000-6a800000 rw-p 00000000 00:00 0          [stack:13965]
6a800000-6a821000 rw-p 00000000 00:00 0 
6a821000-6a900000 ---p 00000000 00:00 0 
6a924000-6a97f000 rw-p 00000000 00:00 0 
6a97f000-6a980000 ---p 00000000 00:00 0 
6a980000-6aa00000 rw-p 00000000 00:00 0          [stack:13964]
6aa00000-6aa21000 rw-p 00000000 00:00 0 
6aa21000-6ab00000 ---p 00000000 00:00 0 
6ab0d000-6ab28000 rw-p 00000000 00:00 0 
6ab28000-6ab29000 ---p 00000000 00:00 0 
6ab29000-6abb1000 rw-p 00000000 00:00 0          [stack:13963]
6abb1000-6abe9000 rw-p 00000000 00:00 0 
6abe9000-6abff000 rw-p 00000000 00:00 0 
6abff000-6ad3f000 rw-p 00000000 00:00 0 
6ad3f000-6ad47000 rw-p 00000000 00:00 0 
6ad47000-6ad7f000 rw-p 00000000 00:00 0 
6ad7f000-6ad95000 rw-p 00000000 00:00 0 
6ad95000-6aed4000 rw-p 00000000 00:00 0 
6aed4000-6aedf000 rw-p 00000000 00:00 0 
6aedf000-6af7f000 rw-p 00000000 00:00 0 
6af7f000-6bf80000 rw-p 00000000 00:00 0 
6bf80000-72f80000 rw-p 00000000 00:00 0 
72f80000-75a00000 rw-p 00000000 00:00 0 
75a00000-9da00000 rw-p 00000000 00:00 0 
9da00000-9ef80000 rw-p 00000000 00:00 0 
9ef80000-b2f80000 rw-p 00000000 00:00 0 
b2f90000-b2f99000 rw-p 00000000 00:00 0 
b2f99000-b3050000 rw-p 00000000 00:00 0 
b3050000-b3290000 rwxp 00000000 00:00 0 
b3290000-b6050000 rw-p 00000000 00:00 0 
b6050000-b605b000 r-xp 00000000 08:05 1048825    /lib/i386-linux-gnu/libnss_files-2.17.so
b605b000-b605c000 r--p 0000a000 08:05 1048825    /lib/i386-linux-gnu/libnss_files-2.17.so
b605c000-b605d000 rw-p 0000b000 08:05 1048825    /lib/i386-linux-gnu/libnss_files-2.17.so
b605d000-b6072000 r-xp 00000000 08:05 1048806    /lib/i386-linux-gnu/libnsl-2.17.so
b6072000-b6073000 r--p 00014000 08:05 1048806    /lib/i386-linux-gnu/libnsl-2.17.so
b6073000-b6074000 rw-p 00015000 08:05 1048806    /lib/i386-linux-gnu/libnsl-2.17.so
b6074000-b6076000 rw-p 00000000 00:00 0 
b607c000-b6084000 r-xp 00000000 08:05 399848     /usr/lib/jvm/java-7-openjdk-i386/jre/lib/i386/libzip.so
b6084000-b6085000 r--p 00007000 08:05 399848     /usr/lib/jvm/java-7-openjdk-i386/jre/lib/i386/libzip.so
b6085000-b6086000 rw-p 00008000 08:05 399848     /usr/lib/jvm/java-7-openjdk-i386/jre/lib/i386/libzip.so
b6086000-b608e000 rw-s 00000000 08:05 1462000    /tmp/hsperfdata_felilein/13960
b608e000-b61c0000 r--p 0018a000 08:05 393345     /usr/lib/locale/locale-archive
b61c0000-b63c0000 r--p 00000000 08:05 393345     /usr/lib/locale/locale-archive
b63c0000-b63fe000 r-xp 00000000 08:05 399865     /usr/lib/jvm/java-7-openjdk-i386/jre/lib/i386/libjdwp.so
b63fe000-b63ff000 r--p 0003d000 08:05 399865     /usr/lib/jvm/java-7-openjdk-i386/jre/lib/i386/libjdwp.so
b63ff000-b6400000 rw-p 0003e000 08:05 399865     /usr/lib/jvm/java-7-openjdk-i386/jre/lib/i386/libjdwp.so
b6400000-b645e000 rw-p 00000000 00:00 0 
b645e000-b6500000 ---p 00000000 00:00 0 
b6501000-b650b000 r-xp 00000000 08:05 1048821    /lib/i386-linux-gnu/libnss_nis-2.17.so
b650b000-b650c000 r--p 00009000 08:05 1048821    /lib/i386-linux-gnu/libnss_nis-2.17.so
b650c000-b650d000 rw-p 0000a000 08:05 1048821    /lib/i386-linux-gnu/libnss_nis-2.17.so
b650d000-b6514000 r-xp 00000000 08:05 1048816    /lib/i386-linux-gnu/libnss_compat-2.17.so
b6514000-b6515000 r--p 00006000 08:05 1048816    /lib/i386-linux-gnu/libnss_compat-2.17.so
b6515000-b6516000 rw-p 00007000 08:05 1048816    /lib/i386-linux-gnu/libnss_compat-2.17.so
b6516000-b653d000 r-xp 00000000 08:05 399861     /usr/lib/jvm/java-7-openjdk-i386/jre/lib/i386/libjava.so
b653d000-b653e000 r--p 00026000 08:05 399861     /usr/lib/jvm/java-7-openjdk-i386/jre/lib/i386/libjava.so
b653e000-b653f000 rw-p 00027000 08:05 399861     /usr/lib/jvm/java-7-openjdk-i386/jre/lib/i386/libjava.so
b653f000-b6546000 r-xp 00000000 08:05 1048803    /lib/i386-linux-gnu/librt-2.17.so
b6546000-b6547000 r--p 00006000 08:05 1048803    /lib/i386-linux-gnu/librt-2.17.so
b6547000-b6548000 rw-p 00007000 08:05 1048803    /lib/i386-linux-gnu/librt-2.17.so
b6548000-b654b000 ---p 00000000 00:00 0 
b654b000-b6599000 rw-p 00000000 00:00 0          [stack:13962]
b6599000-b65b4000 r-xp 00000000 08:05 1049340    /lib/i386-linux-gnu/libgcc_s.so.1
b65b4000-b65b5000 r--p 0001a000 08:05 1049340    /lib/i386-linux-gnu/libgcc_s.so.1
b65b5000-b65b6000 rw-p 0001b000 08:05 1049340    /lib/i386-linux-gnu/libgcc_s.so.1
b65b6000-b65f7000 r-xp 00000000 08:05 1048819    /lib/i386-linux-gnu/libm-2.17.so
b65f7000-b65f8000 r--p 00040000 08:05 1048819    /lib/i386-linux-gnu/libm-2.17.so
b65f8000-b65f9000 rw-p 00041000 08:05 1048819    /lib/i386-linux-gnu/libm-2.17.so
b65f9000-b66d6000 r-xp 00000000 08:05 405045     /usr/lib/i386-linux-gnu/libstdc++.so.6.0.18
b66d6000-b66da000 r--p 000dc000 08:05 405045     /usr/lib/i386-linux-gnu/libstdc++.so.6.0.18
b66da000-b66db000 rw-p 000e0000 08:05 405045     /usr/lib/i386-linux-gnu/libstdc++.so.6.0.18
b66db000-b66e2000 rw-p 00000000 00:00 0 
b66e2000-b70ac000 r-xp 00000000 08:05 399875     /usr/lib/jvm/java-7-openjdk-i386/jre/lib/i386/server/libjvm.so
b70ac000-b70ad000 ---p 009ca000 08:05 399875     /usr/lib/jvm/java-7-openjdk-i386/jre/lib/i386/server/libjvm.so
b70ad000-b70fe000 r--p 009ca000 08:05 399875     /usr/lib/jvm/java-7-openjdk-i386/jre/lib/i386/server/libjvm.so
b70fe000-b7112000 rw-p 00a1b000 08:05 399875     /usr/lib/jvm/java-7-openjdk-i386/jre/lib/i386/server/libjvm.so
b7112000-b7530000 rw-p 00000000 00:00 0 
b7530000-b7548000 r-xp 00000000 08:05 1048843    /lib/i386-linux-gnu/libz.so.1.2.8
b7548000-b7549000 r--p 00017000 08:05 1048843    /lib/i386-linux-gnu/libz.so.1.2.8
b7549000-b754a000 rw-p 00018000 08:05 1048843    /lib/i386-linux-gnu/libz.so.1.2.8
b754a000-b7561000 r-xp 00000000 08:05 1048818    /lib/i386-linux-gnu/libpthread-2.17.so
b7561000-b7562000 r--p 00016000 08:05 1048818    /lib/i386-linux-gnu/libpthread-2.17.so
b7562000-b7563000 rw-p 00017000 08:05 1048818    /lib/i386-linux-gnu/libpthread-2.17.so
b7563000-b7565000 rw-p 00000000 00:00 0 
b7565000-b7568000 r-xp 00000000 08:05 1048814    /lib/i386-linux-gnu/libdl-2.17.so
b7568000-b7569000 r--p 00002000 08:05 1048814    /lib/i386-linux-gnu/libdl-2.17.so
b7569000-b756a000 rw-p 00003000 08:05 1048814    /lib/i386-linux-gnu/libdl-2.17.so
b756a000-b7718000 r-xp 00000000 08:05 1048813    /lib/i386-linux-gnu/libc-2.17.so
b7718000-b771a000 r--p 001ae000 08:05 1048813    /lib/i386-linux-gnu/libc-2.17.so
b771a000-b771b000 rw-p 001b0000 08:05 1048813    /lib/i386-linux-gnu/libc-2.17.so
b771b000-b771e000 rw-p 00000000 00:00 0 
b771f000-b7722000 r-xp 00000000 08:05 399858     /usr/lib/jvm/java-7-openjdk-i386/jre/lib/i386/libnpt.so
b7722000-b7723000 r--p 00002000 08:05 399858     /usr/lib/jvm/java-7-openjdk-i386/jre/lib/i386/libnpt.so
b7723000-b7724000 rw-p 00003000 08:05 399858     /usr/lib/jvm/java-7-openjdk-i386/jre/lib/i386/libnpt.so
b7724000-b7725000 rw-p 00000000 00:00 0 
b7725000-b7726000 r--p 00000000 00:00 0 
b7726000-b7734000 r-xp 00000000 08:05 399878     /usr/lib/jvm/java-7-openjdk-i386/jre/lib/i386/libverify.so
b7734000-b7735000 r--p 0000d000 08:05 399878     /usr/lib/jvm/java-7-openjdk-i386/jre/lib/i386/libverify.so
b7735000-b7736000 rw-p 0000e000 08:05 399878     /usr/lib/jvm/java-7-openjdk-i386/jre/lib/i386/libverify.so
b7736000-b7742000 r-xp 00000000 08:05 399845     /usr/lib/jvm/java-7-openjdk-i386/jre/lib/i386/jli/libjli.so
b7742000-b7743000 r--p 0000c000 08:05 399845     /usr/lib/jvm/java-7-openjdk-i386/jre/lib/i386/jli/libjli.so
b7743000-b7744000 rw-p 0000d000 08:05 399845     /usr/lib/jvm/java-7-openjdk-i386/jre/lib/i386/jli/libjli.so
b7744000-b7747000 rw-p 00000000 00:00 0 
b7747000-b7748000 r-xp 00000000 00:00 0          [vdso]
b7748000-b7768000 r-xp 00000000 08:05 1048809    /lib/i386-linux-gnu/ld-2.17.so
b7768000-b7769000 r--p 0001f000 08:05 1048809    /lib/i386-linux-gnu/ld-2.17.so
b7769000-b776a000 rw-p 00020000 08:05 1048809    /lib/i386-linux-gnu/ld-2.17.so
bfd3d000-bfd5e000 rw-p 00000000 00:00 0          [stack]

VM Arguments:
jvm_args: -agentlib:jdwp=transport=dt_socket,suspend=y,address=localhost:33382 -Dfile.encoding=UTF-8 -Xbootclasspath:/home/felilein/Arbeitsfläche/adt-bundle-linux-x86-20131030/sdk/platforms/android-19/android.jar 
java_command: main.Controller
Launcher Type: SUN_STANDARD

Environment Variables:
PATH=/usr/lib/lightdm/lightdm:/usr/local/sbin:/usr/local/bin:/usr/sbin:/usr/bin:/sbin:/bin:/usr/games:/usr/local/games
LD_LIBRARY_PATH=/usr/lib/jvm/java-7-openjdk-i386/jre/lib/i386/server:/usr/lib/jvm/java-7-openjdk-i386/jre/lib/i386:/usr/lib/jvm/java-7-openjdk-i386/jre/../lib/i386:/usr/lib/jvm/java-7-openjdk-i386/jre/lib/i386/client:/usr/lib/jvm/java-7-openjdk-i386/jre/lib/i386:
SHELL=/bin/bash
DISPLAY=:0.0

Signal Handlers:
SIGSEGV: [libjvm.so+0x7ecf40], sa_mask[0]=0x7ffbfeff, sa_flags=0x10000004
SIGBUS: [libjvm.so+0x7ecf40], sa_mask[0]=0x7ffbfeff, sa_flags=0x10000004
SIGFPE: [libjvm.so+0x66abf0], sa_mask[0]=0x7ffbfeff, sa_flags=0x10000004
SIGPIPE: [libjvm.so+0x66abf0], sa_mask[0]=0x7ffbfeff, sa_flags=0x10000004
SIGXFSZ: [libjvm.so+0x66abf0], sa_mask[0]=0x7ffbfeff, sa_flags=0x10000004
SIGILL: [libjvm.so+0x66abf0], sa_mask[0]=0x7ffbfeff, sa_flags=0x10000004
SIGUSR1: SIG_DFL, sa_mask[0]=0x00000000, sa_flags=0x00000000
SIGUSR2: [libjvm.so+0x66aa80], sa_mask[0]=0x00000004, sa_flags=0x10000004
SIGHUP: SIG_DFL, sa_mask[0]=0x00000000, sa_flags=0x00000000
SIGINT: SIG_DFL, sa_mask[0]=0x00000000, sa_flags=0x00000000
SIGTERM: SIG_DFL, sa_mask[0]=0x00000000, sa_flags=0x00000000
SIGQUIT: SIG_DFL, sa_mask[0]=0x00000000, sa_flags=0x00000000


---------------  S Y S T E M  ---------------

OS:Ubuntu 13.10 (saucy)
uname:Linux 3.11.0-26-generic #45-Ubuntu SMP Tue Jul 15 04:04:15 UTC 2014 i686
libc:glibc 2.17 NPTL 2.17 
rlimit: STACK 8192k, CORE 0k, NPROC 128822, NOFILE 4096, AS infinity
load average:11,82 11,19 11,10

/proc/meminfo:
MemTotal:       16506892 kB
MemFree:        10724572 kB
Buffers:          210408 kB
Cached:          3727056 kB
SwapCached:            0 kB
Active:          2930224 kB
Inactive:        2409436 kB
Active(anon):    1403356 kB
Inactive(anon):    64616 kB
Active(file):    1526868 kB
Inactive(file):  2344820 kB
Unevictable:          32 kB
Mlocked:              32 kB
HighTotal:      15785156 kB
HighFree:       10370416 kB
LowTotal:         721736 kB
LowFree:          354156 kB
SwapTotal:      16696316 kB
SwapFree:       16696316 kB
Dirty:                32 kB
Writeback:             0 kB
AnonPages:       1402424 kB
Mapped:           243232 kB
Shmem:             65780 kB
Slab:             137484 kB
SReclaimable:     109068 kB
SUnreclaim:        28416 kB
KernelStack:        5136 kB
PageTables:        13244 kB
NFS_Unstable:          0 kB
Bounce:                0 kB
WritebackTmp:          0 kB
CommitLimit:    24949760 kB
Committed_AS:    5474452 kB
VmallocTotal:     122880 kB
VmallocUsed:       50656 kB
VmallocChunk:      18532 kB
HardwareCorrupted:     0 kB
AnonHugePages:         0 kB
HugePages_Total:       0
HugePages_Free:        0
HugePages_Rsvd:        0
HugePages_Surp:        0
Hugepagesize:       2048 kB
DirectMap4k:       24568 kB
DirectMap2M:      888832 kB


CPU:total 8 (4 cores per cpu, 2 threads per core) family 6 model 45 stepping 7, cmov, cx8, fxsr, mmx, sse, sse2, sse3, ssse3, sse4.1, sse4.2, popcnt, avx, aes, ht, tsc, tscinvbit, tscinv

/proc/cpuinfo:
processor	: 0
vendor_id	: GenuineIntel
cpu family	: 6
model		: 45
model name	: Intel(R) Core(TM) i7-3820 CPU @ 3.60GHz
stepping	: 7
microcode	: 0x70c
cpu MHz		: 3601.000
cache size	: 10240 KB
physical id	: 0
siblings	: 8
core id		: 0
cpu cores	: 4
apicid		: 0
initial apicid	: 0
fdiv_bug	: no
f00f_bug	: no
coma_bug	: no
fpu		: yes
fpu_exception	: yes
cpuid level	: 13
wp		: yes
flags		: fpu vme de pse tsc msr pae mce cx8 apic sep mtrr pge mca cmov pat pse36 clflush dts acpi mmx fxsr sse sse2 ss ht tm pbe nx pdpe1gb rdtscp lm constant_tsc arch_perfmon pebs bts xtopology nonstop_tsc aperfmperf eagerfpu pni pclmulqdq dtes64 monitor ds_cpl vmx est tm2 ssse3 cx16 xtpr pdcm pcid dca sse4_1 sse4_2 x2apic popcnt tsc_deadline_timer aes xsave avx lahf_lm ida arat epb xsaveopt pln pts dtherm tpr_shadow vnmi flexpriority ept vpid
bogomips	: 7200.21
clflush size	: 64
cache_alignment	: 64
address sizes	: 46 bits physical, 48 bits virtual
power management:

processor	: 1
vendor_id	: GenuineIntel
cpu family	: 6
model		: 45
model name	: Intel(R) Core(TM) i7-3820 CPU @ 3.60GHz
stepping	: 7
microcode	: 0x70c
cpu MHz		: 3601.000
cache size	: 10240 KB
physical id	: 0
siblings	: 8
core id		: 1
cpu cores	: 4
apicid		: 2
initial apicid	: 2
fdiv_bug	: no
f00f_bug	: no
coma_bug	: no
fpu		: yes
fpu_exception	: yes
cpuid level	: 13
wp		: yes
flags		: fpu vme de pse tsc msr pae mce cx8 apic sep mtrr pge mca cmov pat pse36 clflush dts acpi mmx fxsr sse sse2 ss ht tm pbe nx pdpe1gb rdtscp lm constant_tsc arch_perfmon pebs bts xtopology nonstop_tsc aperfmperf eagerfpu pni pclmulqdq dtes64 monitor ds_cpl vmx est tm2 ssse3 cx16 xtpr pdcm pcid dca sse4_1 sse4_2 x2apic popcnt tsc_deadline_timer aes xsave avx lahf_lm ida arat epb xsaveopt pln pts dtherm tpr_shadow vnmi flexpriority ept vpid
bogomips	: 7200.21
clflush size	: 64
cache_alignment	: 64
address sizes	: 46 bits physical, 48 bits virtual
power management:

processor	: 2
vendor_id	: GenuineIntel
cpu family	: 6
model		: 45
model name	: Intel(R) Core(TM) i7-3820 CPU @ 3.60GHz
stepping	: 7
microcode	: 0x70c
cpu MHz		: 3601.000
cache size	: 10240 KB
physical id	: 0
siblings	: 8
core id		: 2
cpu cores	: 4
apicid		: 4
initial apicid	: 4
fdiv_bug	: no
f00f_bug	: no
coma_bug	: no
fpu		: yes
fpu_exception	: yes
cpuid level	: 13
wp		: yes
flags		: fpu vme de pse tsc msr pae mce cx8 apic sep mtrr pge mca cmov pat pse36 clflush dts acpi mmx fxsr sse sse2 ss ht tm pbe nx pdpe1gb rdtscp lm constant_tsc arch_perfmon pebs bts xtopology nonstop_tsc aperfmperf eagerfpu pni pclmulqdq dtes64 monitor ds_cpl vmx est tm2 ssse3 cx16 xtpr pdcm pcid dca sse4_1 sse4_2 x2apic popcnt tsc_deadline_timer aes xsave avx lahf_lm ida arat epb xsaveopt pln pts dtherm tpr_shadow vnmi flexpriority ept vpid
bogomips	: 7200.21
clflush size	: 64
cache_alignment	: 64
address sizes	: 46 bits physical, 48 bits virtual
power management:

processor	: 3
vendor_id	: GenuineIntel
cpu family	: 6
model		: 45
model name	: Intel(R) Core(TM) i7-3820 CPU @ 3.60GHz
stepping	: 7
microcode	: 0x70c
cpu MHz		: 3601.000
cache size	: 10240 KB
physical id	: 0
siblings	: 8
core id		: 3
cpu cores	: 4
apicid		: 6
initial apicid	: 6
fdiv_bug	: no
f00f_bug	: no
coma_bug	: no
fpu		: yes
fpu_exception	: yes
cpuid level	: 13
wp		: yes
flags		: fpu vme de pse tsc msr pae mce cx8 apic sep mtrr pge mca cmov pat pse36 clflush dts acpi mmx fxsr sse sse2 ss ht tm pbe nx pdpe1gb rdtscp lm constant_tsc arch_perfmon pebs bts xtopology nonstop_tsc aperfmperf eagerfpu pni pclmulqdq dtes64 monitor ds_cpl vmx est tm2 ssse3 cx16 xtpr pdcm pcid dca sse4_1 sse4_2 x2apic popcnt tsc_deadline_timer aes xsave avx lahf_lm ida arat epb xsaveopt pln pts dtherm tpr_shadow vnmi flexpriority ept vpid
bogomips	: 7200.21
clflush size	: 64
cache_alignment	: 64
address sizes	: 46 bits physical, 48 bits virtual
power management:

processor	: 4
vendor_id	: GenuineIntel
cpu family	: 6
model		: 45
model name	: Intel(R) Core(TM) i7-3820 CPU @ 3.60GHz
stepping	: 7
microcode	: 0x70c
cpu MHz		: 3601.000
cache size	: 10240 KB
physical id	: 0
siblings	: 8
core id		: 0
cpu cores	: 4
apicid		: 1
initial apicid	: 1
fdiv_bug	: no
f00f_bug	: no
coma_bug	: no
fpu		: yes
fpu_exception	: yes
cpuid level	: 13
wp		: yes
flags		: fpu vme de pse tsc msr pae mce cx8 apic sep mtrr pge mca cmov pat pse36 clflush dts acpi mmx fxsr sse sse2 ss ht tm pbe nx pdpe1gb rdtscp lm constant_tsc arch_perfmon pebs bts xtopology nonstop_tsc aperfmperf eagerfpu pni pclmulqdq dtes64 monitor ds_cpl vmx est tm2 ssse3 cx16 xtpr pdcm pcid dca sse4_1 sse4_2 x2apic popcnt tsc_deadline_timer aes xsave avx lahf_lm ida arat epb xsaveopt pln pts dtherm tpr_shadow vnmi flexpriority ept vpid
bogomips	: 7200.21
clflush size	: 64
cache_alignment	: 64
address sizes	: 46 bits physical, 48 bits virtual
power management:

processor	: 5
vendor_id	: GenuineIntel
cpu family	: 6
model		: 45
model name	: Intel(R) Core(TM) i7-3820 CPU @ 3.60GHz
stepping	: 7
microcode	: 0x70c
cpu MHz		: 3601.000
cache size	: 10240 KB
physical id	: 0
siblings	: 8
core id		: 1
cpu cores	: 4
apicid		: 3
initial apicid	: 3
fdiv_bug	: no
f00f_bug	: no
coma_bug	: no
fpu		: yes
fpu_exception	: yes
cpuid level	: 13
wp		: yes
flags		: fpu vme de pse tsc msr pae mce cx8 apic sep mtrr pge mca cmov pat pse36 clflush dts acpi mmx fxsr sse sse2 ss ht tm pbe nx pdpe1gb rdtscp lm constant_tsc arch_perfmon pebs bts xtopology nonstop_tsc aperfmperf eagerfpu pni pclmulqdq dtes64 monitor ds_cpl vmx est tm2 ssse3 cx16 xtpr pdcm pcid dca sse4_1 sse4_2 x2apic popcnt tsc_deadline_timer aes xsave avx lahf_lm ida arat epb xsaveopt pln pts dtherm tpr_shadow vnmi flexpriority ept vpid
bogomips	: 7200.21
clflush size	: 64
cache_alignment	: 64
address sizes	: 46 bits physical, 48 bits virtual
power management:

processor	: 6
vendor_id	: GenuineIntel
cpu family	: 6
model		: 45
model name	: Intel(R) Core(TM) i7-3820 CPU @ 3.60GHz
stepping	: 7
microcode	: 0x70c
cpu MHz		: 3601.000
cache size	: 10240 KB
physical id	: 0
siblings	: 8
core id		: 2
cpu cores	: 4
apicid		: 5
initial apicid	: 5
fdiv_bug	: no
f00f_bug	: no
coma_bug	: no
fpu		: yes
fpu_exception	: yes
cpuid level	: 13
wp		: yes
flags		: fpu vme de pse tsc msr pae mce cx8 apic sep mtrr pge mca cmov pat pse36 clflush dts acpi mmx fxsr sse sse2 ss ht tm pbe nx pdpe1gb rdtscp lm constant_tsc arch_perfmon pebs bts xtopology nonstop_tsc aperfmperf eagerfpu pni pclmulqdq dtes64 monitor ds_cpl vmx est tm2 ssse3 cx16 xtpr pdcm pcid dca sse4_1 sse4_2 x2apic popcnt tsc_deadline_timer aes xsave avx lahf_lm ida arat epb xsaveopt pln pts dtherm tpr_shadow vnmi flexpriority ept vpid
bogomips	: 7200.21
clflush size	: 64
cache_alignment	: 64
address sizes	: 46 bits physical, 48 bits virtual
power management:

processor	: 7
vendor_id	: GenuineIntel
cpu family	: 6
model		: 45
model name	: Intel(R) Core(TM) i7-3820 CPU @ 3.60GHz
stepping	: 7
microcode	: 0x70c
cpu MHz		: 3601.000
cache size	: 10240 KB
physical id	: 0
siblings	: 8
core id		: 3
cpu cores	: 4
apicid		: 7
initial apicid	: 7
fdiv_bug	: no
f00f_bug	: no
coma_bug	: no
fpu		: yes
fpu_exception	: yes
cpuid level	: 13
wp		: yes
flags		: fpu vme de pse tsc msr pae mce cx8 apic sep mtrr pge mca cmov pat pse36 clflush dts acpi mmx fxsr sse sse2 ss ht tm pbe nx pdpe1gb rdtscp lm constant_tsc arch_perfmon pebs bts xtopology nonstop_tsc aperfmperf eagerfpu pni pclmulqdq dtes64 monitor ds_cpl vmx est tm2 ssse3 cx16 xtpr pdcm pcid dca sse4_1 sse4_2 x2apic popcnt tsc_deadline_timer aes xsave avx lahf_lm ida arat epb xsaveopt pln pts dtherm tpr_shadow vnmi flexpriority ept vpid
bogomips	: 7200.21
clflush size	: 64
cache_alignment	: 64
address sizes	: 46 bits physical, 48 bits virtual
power management:



Memory: 4k page, physical 16506892k(10724572k free), swap 16696316k(16696316k free)

vm_info: OpenJDK Server VM (24.51-b03) for linux-x86 JRE (1.7.0_55-b14), built on Apr 17 2014 21:15:58 by "buildd" with gcc 4.8.1

time: Mon Dec  1 22:12:18 2014
elapsed time: 0 seconds

