#
# A fatal error has been detected by the Java Runtime Environment:
#
#  Internal Error (javaClasses.cpp:136), pid=3254, tid=3059678016
#  fatal error: Invalid layout of preloaded class
#
# JRE version:  (7.0_55-b14) (build )
# Java VM: OpenJDK Server VM (24.51-b03 mixed mode linux-x86 )
# Failed to write core dump. Core dumps have been disabled. To enable core dumping, try "ulimit -c unlimited" before starting Java again
#
# If you would like to submit a bug report, please include
# instructions on how to reproduce the bug and visit:
#   http://icedtea.classpath.org/bugzilla
#

---------------  T H R E A D  ---------------

Current thread (0xb6407800):  JavaThread "Unknown thread" [_thread_in_vm, id=3259, stack(0xb659f000,0xb65f0000)]

Stack: [0xb659f000,0xb65f0000]

---------------  P R O C E S S  ---------------

Java Threads: ( => current thread )

Other Threads:

=>0xb6407800 (exited) JavaThread "Unknown thread" [_thread_in_vm, id=3259, stack(0xb659f000,0xb65f0000)]

VM state:not at safepoint (not fully initialized)

VM Mutex/Monitor currently owned by a thread: None

GC Heap History (0 events):
No events

Deoptimization events (0 events):
No events

Internal exceptions (0 events):
No events

Events (10 events):
Event: 0.004 loading class 0x6ac24670 done
Event: 0.005 loading class 0x6ac24100 done
Event: 0.005 loading class 0x6ac240e0
Event: 0.005 loading class 0x6ac2b370
Event: 0.005 loading class 0x6ac2b370 done
Event: 0.005 loading class 0x6ac2b3a0
Event: 0.005 loading class 0x6ac2b3a0 done
Event: 0.005 loading class 0x6ac2b3d0
Event: 0.005 loading class 0x6ac2b3d0 done
Event: 0.005 loading class 0x6ac240e0 done


Dynamic libraries:
08048000-08049000 r-xp 00000000 08:05 399799     /usr/lib/jvm/java-7-openjdk-i386/jre/bin/java
08049000-0804a000 r--p 00000000 08:05 399799     /usr/lib/jvm/java-7-openjdk-i386/jre/bin/java
0804a000-0804b000 rw-p 00001000 08:05 399799     /usr/lib/jvm/java-7-openjdk-i386/jre/bin/java
0872e000-0874f000 rw-p 00000000 00:00 0          [heap]
676a9000-67780000 r--s 013fe000 08:05 2243000    /home/felilein/Arbeitsfläche/adt-bundle-linux-x86-20131030/sdk/platforms/android-19/android.jar
67780000-6a000000 rw-p 00000000 00:00 0 
6a000000-6a021000 rw-p 00000000 00:00 0 
6a021000-6a100000 ---p 00000000 00:00 0 
6a17f000-6a180000 ---p 00000000 00:00 0 
6a180000-6a200000 rw-p 00000000 00:00 0          [stack:3267]
6a200000-6a221000 rw-p 00000000 00:00 0 
6a221000-6a300000 ---p 00000000 00:00 0 
6a37f000-6a380000 ---p 00000000 00:00 0 
6a380000-6a400000 rw-p 00000000 00:00 0          [stack:3266]
6a400000-6a421000 rw-p 00000000 00:00 0 
6a421000-6a500000 ---p 00000000 00:00 0 
6a57f000-6a580000 ---p 00000000 00:00 0 
6a580000-6a600000 rw-p 00000000 00:00 0          [stack:3265]
6a600000-6a621000 rw-p 00000000 00:00 0 
6a621000-6a700000 ---p 00000000 00:00 0 
6a77f000-6a780000 ---p 00000000 00:00 0 
6a780000-6a800000 rw-p 00000000 00:00 0          [stack:3264]
6a800000-6a821000 rw-p 00000000 00:00 0 
6a821000-6a900000 ---p 00000000 00:00 0 
6a97f000-6a980000 ---p 00000000 00:00 0 
6a980000-6aa00000 rw-p 00000000 00:00 0          [stack:3263]
6aa00000-6aa21000 rw-p 00000000 00:00 0 
6aa21000-6ab00000 ---p 00000000 00:00 0 
6ab00000-6ab21000 rw-p 00000000 00:00 0 
6ab21000-6ac00000 ---p 00000000 00:00 0 
6ac24000-6ac7f000 rw-p 00000000 00:00 0 
6ac7f000-6ac80000 ---p 00000000 00:00 0 
6ac80000-6ad00000 rw-p 00000000 00:00 0          [stack:3262]
6ad00000-6ad21000 rw-p 00000000 00:00 0 
6ad21000-6ae00000 ---p 00000000 00:00 0 
6ae25000-6ae67000 rw-p 00000000 00:00 0 
6ae67000-6ae68000 ---p 00000000 00:00 0 
6ae68000-6aee8000 rw-p 00000000 00:00 0          [stack:3261]
6aee8000-6aee9000 ---p 00000000 00:00 0 
6aee9000-6af71000 rw-p 00000000 00:00 0          [stack:3260]
6af71000-6afa9000 rw-p 00000000 00:00 0 
6afa9000-6afbf000 rw-p 00000000 00:00 0 
6afbf000-6b0ff000 rw-p 00000000 00:00 0 
6b0ff000-6b107000 rw-p 00000000 00:00 0 
6b107000-6b13f000 rw-p 00000000 00:00 0 
6b13f000-6b155000 rw-p 00000000 00:00 0 
6b155000-6b294000 rw-p 00000000 00:00 0 
6b294000-6b29f000 rw-p 00000000 00:00 0 
6b29f000-6b33f000 rw-p 00000000 00:00 0 
6b33f000-6c340000 rw-p 00000000 00:00 0 
6c340000-73340000 rw-p 00000000 00:00 0 
73340000-75dc0000 rw-p 00000000 00:00 0 
75dc0000-9ddc0000 rw-p 00000000 00:00 0 
9ddc0000-9f340000 rw-p 00000000 00:00 0 
9f340000-b3340000 rw-p 00000000 00:00 0 
b3340000-b3349000 rw-p 00000000 00:00 0 
b3349000-b3400000 rw-p 00000000 00:00 0 
b3400000-b3640000 rwxp 00000000 00:00 0 
b3640000-b645d000 rw-p 00000000 00:00 0 
b645d000-b6500000 ---p 00000000 00:00 0 
b651a000-b6525000 r-xp 00000000 08:05 1048825    /lib/i386-linux-gnu/libnss_files-2.17.so
b6525000-b6526000 r--p 0000a000 08:05 1048825    /lib/i386-linux-gnu/libnss_files-2.17.so
b6526000-b6527000 rw-p 0000b000 08:05 1048825    /lib/i386-linux-gnu/libnss_files-2.17.so
b6527000-b6531000 r-xp 00000000 08:05 1048821    /lib/i386-linux-gnu/libnss_nis-2.17.so
b6531000-b6532000 r--p 00009000 08:05 1048821    /lib/i386-linux-gnu/libnss_nis-2.17.so
b6532000-b6533000 rw-p 0000a000 08:05 1048821    /lib/i386-linux-gnu/libnss_nis-2.17.so
b6533000-b6548000 r-xp 00000000 08:05 1048806    /lib/i386-linux-gnu/libnsl-2.17.so
b6548000-b6549000 r--p 00014000 08:05 1048806    /lib/i386-linux-gnu/libnsl-2.17.so
b6549000-b654a000 rw-p 00015000 08:05 1048806    /lib/i386-linux-gnu/libnsl-2.17.so
b654a000-b654c000 rw-p 00000000 00:00 0 
b654c000-b6553000 r-xp 00000000 08:05 1048816    /lib/i386-linux-gnu/libnss_compat-2.17.so
b6553000-b6554000 r--p 00006000 08:05 1048816    /lib/i386-linux-gnu/libnss_compat-2.17.so
b6554000-b6555000 rw-p 00007000 08:05 1048816    /lib/i386-linux-gnu/libnss_compat-2.17.so
b655b000-b6563000 r-xp 00000000 08:05 399848     /usr/lib/jvm/java-7-openjdk-i386/jre/lib/i386/libzip.so
b6563000-b6564000 r--p 00007000 08:05 399848     /usr/lib/jvm/java-7-openjdk-i386/jre/lib/i386/libzip.so
b6564000-b6565000 rw-p 00008000 08:05 399848     /usr/lib/jvm/java-7-openjdk-i386/jre/lib/i386/libzip.so
b6565000-b656d000 rw-s 00000000 08:05 1444033    /tmp/hsperfdata_felilein/3254
b656d000-b6594000 r-xp 00000000 08:05 399861     /usr/lib/jvm/java-7-openjdk-i386/jre/lib/i386/libjava.so
b6594000-b6595000 r--p 00026000 08:05 399861     /usr/lib/jvm/java-7-openjdk-i386/jre/lib/i386/libjava.so
b6595000-b6596000 rw-p 00027000 08:05 399861     /usr/lib/jvm/java-7-openjdk-i386/jre/lib/i386/libjava.so
b6596000-b659d000 r-xp 00000000 08:05 1048803    /lib/i386-linux-gnu/librt-2.17.so
b659d000-b659e000 r--p 00006000 08:05 1048803    /lib/i386-linux-gnu/librt-2.17.so
b659e000-b659f000 rw-p 00007000 08:05 1048803    /lib/i386-linux-gnu/librt-2.17.so
b659f000-b65a2000 ---p 00000000 00:00 0 
b65a2000-b65f0000 rw-p 00000000 00:00 0          [stack:3259]
b65f0000-b660b000 r-xp 00000000 08:05 1049340    /lib/i386-linux-gnu/libgcc_s.so.1
b660b000-b660c000 r--p 0001a000 08:05 1049340    /lib/i386-linux-gnu/libgcc_s.so.1
b660c000-b660d000 rw-p 0001b000 08:05 1049340    /lib/i386-linux-gnu/libgcc_s.so.1
b660d000-b664e000 r-xp 00000000 08:05 1048819    /lib/i386-linux-gnu/libm-2.17.so
b664e000-b664f000 r--p 00040000 08:05 1048819    /lib/i386-linux-gnu/libm-2.17.so
b664f000-b6650000 rw-p 00041000 08:05 1048819    /lib/i386-linux-gnu/libm-2.17.so
b6650000-b672d000 r-xp 00000000 08:05 405045     /usr/lib/i386-linux-gnu/libstdc++.so.6.0.18
b672d000-b6731000 r--p 000dc000 08:05 405045     /usr/lib/i386-linux-gnu/libstdc++.so.6.0.18
b6731000-b6732000 rw-p 000e0000 08:05 405045     /usr/lib/i386-linux-gnu/libstdc++.so.6.0.18
b6732000-b6739000 rw-p 00000000 00:00 0 
b6739000-b7103000 r-xp 00000000 08:05 399875     /usr/lib/jvm/java-7-openjdk-i386/jre/lib/i386/server/libjvm.so
b7103000-b7104000 ---p 009ca000 08:05 399875     /usr/lib/jvm/java-7-openjdk-i386/jre/lib/i386/server/libjvm.so
b7104000-b7155000 r--p 009ca000 08:05 399875     /usr/lib/jvm/java-7-openjdk-i386/jre/lib/i386/server/libjvm.so
b7155000-b7169000 rw-p 00a1b000 08:05 399875     /usr/lib/jvm/java-7-openjdk-i386/jre/lib/i386/server/libjvm.so
b7169000-b7587000 rw-p 00000000 00:00 0 
b7587000-b759f000 r-xp 00000000 08:05 1048843    /lib/i386-linux-gnu/libz.so.1.2.8
b759f000-b75a0000 r--p 00017000 08:05 1048843    /lib/i386-linux-gnu/libz.so.1.2.8
b75a0000-b75a1000 rw-p 00018000 08:05 1048843    /lib/i386-linux-gnu/libz.so.1.2.8
b75a1000-b75b8000 r-xp 00000000 08:05 1048818    /lib/i386-linux-gnu/libpthread-2.17.so
b75b8000-b75b9000 r--p 00016000 08:05 1048818    /lib/i386-linux-gnu/libpthread-2.17.so
b75b9000-b75ba000 rw-p 00017000 08:05 1048818    /lib/i386-linux-gnu/libpthread-2.17.so
b75ba000-b75bc000 rw-p 00000000 00:00 0 
b75bc000-b75bf000 r-xp 00000000 08:05 1048814    /lib/i386-linux-gnu/libdl-2.17.so
b75bf000-b75c0000 r--p 00002000 08:05 1048814    /lib/i386-linux-gnu/libdl-2.17.so
b75c0000-b75c1000 rw-p 00003000 08:05 1048814    /lib/i386-linux-gnu/libdl-2.17.so
b75c1000-b776f000 r-xp 00000000 08:05 1048813    /lib/i386-linux-gnu/libc-2.17.so
b776f000-b7771000 r--p 001ae000 08:05 1048813    /lib/i386-linux-gnu/libc-2.17.so
b7771000-b7772000 rw-p 001b0000 08:05 1048813    /lib/i386-linux-gnu/libc-2.17.so
b7772000-b7775000 rw-p 00000000 00:00 0 
b777b000-b777c000 rw-p 00000000 00:00 0 
b777c000-b777d000 r--p 00000000 00:00 0 
b777d000-b778b000 r-xp 00000000 08:05 399878     /usr/lib/jvm/java-7-openjdk-i386/jre/lib/i386/libverify.so
b778b000-b778c000 r--p 0000d000 08:05 399878     /usr/lib/jvm/java-7-openjdk-i386/jre/lib/i386/libverify.so
b778c000-b778d000 rw-p 0000e000 08:05 399878     /usr/lib/jvm/java-7-openjdk-i386/jre/lib/i386/libverify.so
b778d000-b7799000 r-xp 00000000 08:05 399845     /usr/lib/jvm/java-7-openjdk-i386/jre/lib/i386/jli/libjli.so
b7799000-b779a000 r--p 0000c000 08:05 399845     /usr/lib/jvm/java-7-openjdk-i386/jre/lib/i386/jli/libjli.so
b779a000-b779b000 rw-p 0000d000 08:05 399845     /usr/lib/jvm/java-7-openjdk-i386/jre/lib/i386/jli/libjli.so
b779b000-b779e000 rw-p 00000000 00:00 0 
b779e000-b779f000 r-xp 00000000 00:00 0          [vdso]
b779f000-b77bf000 r-xp 00000000 08:05 1048809    /lib/i386-linux-gnu/ld-2.17.so
b77bf000-b77c0000 r--p 0001f000 08:05 1048809    /lib/i386-linux-gnu/ld-2.17.so
b77c0000-b77c1000 rw-p 00020000 08:05 1048809    /lib/i386-linux-gnu/ld-2.17.so
bf92e000-bf94f000 rw-p 00000000 00:00 0          [stack]

VM Arguments:
jvm_args: -Dfile.encoding=UTF-8 -Xbootclasspath:/home/felilein/Arbeitsfläche/adt-bundle-linux-x86-20131030/sdk/platforms/android-19/android.jar 
java_command: main.Controller
Launcher Type: SUN_STANDARD

Environment Variables:
PATH=/usr/lib/lightdm/lightdm:/usr/local/sbin:/usr/local/bin:/usr/sbin:/usr/bin:/sbin:/bin:/usr/games:/usr/local/games
LD_LIBRARY_PATH=/usr/lib/jvm/java-7-openjdk-i386/jre/lib/i386/server:/usr/lib/jvm/java-7-openjdk-i386/jre/lib/i386:/usr/lib/jvm/java-7-openjdk-i386/jre/../lib/i386:/usr/lib/jvm/java-7-openjdk-i386/jre/lib/i386/client:/usr/lib/jvm/java-7-openjdk-i386/jre/lib/i386:
SHELL=/bin/bash
DISPLAY=:0.0

Signal Handlers:
SIGSEGV: [libjvm.so+0x7ecf40], sa_mask[0]=0x7ffbfeff, sa_flags=0x10000004
SIGBUS: [libjvm.so+0x7ecf40], sa_mask[0]=0x7ffbfeff, sa_flags=0x10000004
SIGFPE: [libjvm.so+0x66abf0], sa_mask[0]=0x7ffbfeff, sa_flags=0x10000004
SIGPIPE: [libjvm.so+0x66abf0], sa_mask[0]=0x7ffbfeff, sa_flags=0x10000004
SIGXFSZ: [libjvm.so+0x66abf0], sa_mask[0]=0x7ffbfeff, sa_flags=0x10000004
SIGILL: [libjvm.so+0x66abf0], sa_mask[0]=0x7ffbfeff, sa_flags=0x10000004
SIGUSR1: SIG_DFL, sa_mask[0]=0x00000000, sa_flags=0x00000000
SIGUSR2: [libjvm.so+0x66aa80], sa_mask[0]=0x00000004, sa_flags=0x10000004
SIGHUP: SIG_DFL, sa_mask[0]=0x00000000, sa_flags=0x00000000
SIGINT: SIG_DFL, sa_mask[0]=0x00000000, sa_flags=0x00000000
SIGTERM: SIG_DFL, sa_mask[0]=0x00000000, sa_flags=0x00000000
SIGQUIT: SIG_DFL, sa_mask[0]=0x00000000, sa_flags=0x00000000


---------------  S Y S T E M  ---------------

OS:Ubuntu 13.10 (saucy)
uname:Linux 3.11.0-26-generic #45-Ubuntu SMP Tue Jul 15 04:04:15 UTC 2014 i686
libc:glibc 2.17 NPTL 2.17 
rlimit: STACK 8192k, CORE 0k, NPROC 128822, NOFILE 4096, AS infinity
load average:0.14 0.23 0.17

/proc/meminfo:
MemTotal:       16506892 kB
MemFree:        15375912 kB
Buffers:           63936 kB
Cached:           476552 kB
SwapCached:            0 kB
Active:           672064 kB
Inactive:         350900 kB
Active(anon):     483584 kB
Inactive(anon):    12992 kB
Active(file):     188480 kB
Inactive(file):   337908 kB
Unevictable:          32 kB
Mlocked:              32 kB
HighTotal:      15785156 kB
HighFree:       14787328 kB
LowTotal:         721736 kB
LowFree:          588584 kB
SwapTotal:      16696316 kB
SwapFree:       16696316 kB
Dirty:               288 kB
Writeback:             0 kB
AnonPages:        482600 kB
Mapped:           128368 kB
Shmem:             14104 kB
Slab:              52540 kB
SReclaimable:      29588 kB
SUnreclaim:        22952 kB
KernelStack:        3776 kB
PageTables:         7644 kB
NFS_Unstable:          0 kB
Bounce:                0 kB
WritebackTmp:          0 kB
CommitLimit:    24949760 kB
Committed_AS:    2750308 kB
VmallocTotal:     122880 kB
VmallocUsed:       49256 kB
VmallocChunk:      70288 kB
HardwareCorrupted:     0 kB
AnonHugePages:         0 kB
HugePages_Total:       0
HugePages_Free:        0
HugePages_Rsvd:        0
HugePages_Surp:        0
Hugepagesize:       2048 kB
DirectMap4k:       20472 kB
DirectMap2M:      892928 kB


CPU:total 8 (4 cores per cpu, 2 threads per core) family 6 model 45 stepping 7, cmov, cx8, fxsr, mmx, sse, sse2, sse3, ssse3, sse4.1, sse4.2, popcnt, avx, aes, ht, tsc, tscinvbit, tscinv

/proc/cpuinfo:
processor	: 0
vendor_id	: GenuineIntel
cpu family	: 6
model		: 45
model name	: Intel(R) Core(TM) i7-3820 CPU @ 3.60GHz
stepping	: 7
microcode	: 0x70c
cpu MHz		: 1200.000
cache size	: 10240 KB
physical id	: 0
siblings	: 8
core id		: 0
cpu cores	: 4
apicid		: 0
initial apicid	: 0
fdiv_bug	: no
f00f_bug	: no
coma_bug	: no
fpu		: yes
fpu_exception	: yes
cpuid level	: 13
wp		: yes
flags		: fpu vme de pse tsc msr pae mce cx8 apic sep mtrr pge mca cmov pat pse36 clflush dts acpi mmx fxsr sse sse2 ss ht tm pbe nx pdpe1gb rdtscp lm constant_tsc arch_perfmon pebs bts xtopology nonstop_tsc aperfmperf eagerfpu pni pclmulqdq dtes64 monitor ds_cpl vmx est tm2 ssse3 cx16 xtpr pdcm pcid dca sse4_1 sse4_2 x2apic popcnt tsc_deadline_timer aes xsave avx lahf_lm ida arat epb xsaveopt pln pts dtherm tpr_shadow vnmi flexpriority ept vpid
bogomips	: 7200.08
clflush size	: 64
cache_alignment	: 64
address sizes	: 46 bits physical, 48 bits virtual
power management:

processor	: 1
vendor_id	: GenuineIntel
cpu family	: 6
model		: 45
model name	: Intel(R) Core(TM) i7-3820 CPU @ 3.60GHz
stepping	: 7
microcode	: 0x70c
cpu MHz		: 1200.000
cache size	: 10240 KB
physical id	: 0
siblings	: 8
core id		: 1
cpu cores	: 4
apicid		: 2
initial apicid	: 2
fdiv_bug	: no
f00f_bug	: no
coma_bug	: no
fpu		: yes
fpu_exception	: yes
cpuid level	: 13
wp		: yes
flags		: fpu vme de pse tsc msr pae mce cx8 apic sep mtrr pge mca cmov pat pse36 clflush dts acpi mmx fxsr sse sse2 ss ht tm pbe nx pdpe1gb rdtscp lm constant_tsc arch_perfmon pebs bts xtopology nonstop_tsc aperfmperf eagerfpu pni pclmulqdq dtes64 monitor ds_cpl vmx est tm2 ssse3 cx16 xtpr pdcm pcid dca sse4_1 sse4_2 x2apic popcnt tsc_deadline_timer aes xsave avx lahf_lm ida arat epb xsaveopt pln pts dtherm tpr_shadow vnmi flexpriority ept vpid
bogomips	: 7200.08
clflush size	: 64
cache_alignment	: 64
address sizes	: 46 bits physical, 48 bits virtual
power management:

processor	: 2
vendor_id	: GenuineIntel
cpu family	: 6
model		: 45
model name	: Intel(R) Core(TM) i7-3820 CPU @ 3.60GHz
stepping	: 7
microcode	: 0x70c
cpu MHz		: 3601.000
cache size	: 10240 KB
physical id	: 0
siblings	: 8
core id		: 2
cpu cores	: 4
apicid		: 4
initial apicid	: 4
fdiv_bug	: no
f00f_bug	: no
coma_bug	: no
fpu		: yes
fpu_exception	: yes
cpuid level	: 13
wp		: yes
flags		: fpu vme de pse tsc msr pae mce cx8 apic sep mtrr pge mca cmov pat pse36 clflush dts acpi mmx fxsr sse sse2 ss ht tm pbe nx pdpe1gb rdtscp lm constant_tsc arch_perfmon pebs bts xtopology nonstop_tsc aperfmperf eagerfpu pni pclmulqdq dtes64 monitor ds_cpl vmx est tm2 ssse3 cx16 xtpr pdcm pcid dca sse4_1 sse4_2 x2apic popcnt tsc_deadline_timer aes xsave avx lahf_lm ida arat epb xsaveopt pln pts dtherm tpr_shadow vnmi flexpriority ept vpid
bogomips	: 7200.08
clflush size	: 64
cache_alignment	: 64
address sizes	: 46 bits physical, 48 bits virtual
power management:

processor	: 3
vendor_id	: GenuineIntel
cpu family	: 6
model		: 45
model name	: Intel(R) Core(TM) i7-3820 CPU @ 3.60GHz
stepping	: 7
microcode	: 0x70c
cpu MHz		: 3601.000
cache size	: 10240 KB
physical id	: 0
siblings	: 8
core id		: 3
cpu cores	: 4
apicid		: 6
initial apicid	: 6
fdiv_bug	: no
f00f_bug	: no
coma_bug	: no
fpu		: yes
fpu_exception	: yes
cpuid level	: 13
wp		: yes
flags		: fpu vme de pse tsc msr pae mce cx8 apic sep mtrr pge mca cmov pat pse36 clflush dts acpi mmx fxsr sse sse2 ss ht tm pbe nx pdpe1gb rdtscp lm constant_tsc arch_perfmon pebs bts xtopology nonstop_tsc aperfmperf eagerfpu pni pclmulqdq dtes64 monitor ds_cpl vmx est tm2 ssse3 cx16 xtpr pdcm pcid dca sse4_1 sse4_2 x2apic popcnt tsc_deadline_timer aes xsave avx lahf_lm ida arat epb xsaveopt pln pts dtherm tpr_shadow vnmi flexpriority ept vpid
bogomips	: 7200.08
clflush size	: 64
cache_alignment	: 64
address sizes	: 46 bits physical, 48 bits virtual
power management:

processor	: 4
vendor_id	: GenuineIntel
cpu family	: 6
model		: 45
model name	: Intel(R) Core(TM) i7-3820 CPU @ 3.60GHz
stepping	: 7
microcode	: 0x70c
cpu MHz		: 3601.000
cache size	: 10240 KB
physical id	: 0
siblings	: 8
core id		: 0
cpu cores	: 4
apicid		: 1
initial apicid	: 1
fdiv_bug	: no
f00f_bug	: no
coma_bug	: no
fpu		: yes
fpu_exception	: yes
cpuid level	: 13
wp		: yes
flags		: fpu vme de pse tsc msr pae mce cx8 apic sep mtrr pge mca cmov pat pse36 clflush dts acpi mmx fxsr sse sse2 ss ht tm pbe nx pdpe1gb rdtscp lm constant_tsc arch_perfmon pebs bts xtopology nonstop_tsc aperfmperf eagerfpu pni pclmulqdq dtes64 monitor ds_cpl vmx est tm2 ssse3 cx16 xtpr pdcm pcid dca sse4_1 sse4_2 x2apic popcnt tsc_deadline_timer aes xsave avx lahf_lm ida arat epb xsaveopt pln pts dtherm tpr_shadow vnmi flexpriority ept vpid
bogomips	: 7200.08
clflush size	: 64
cache_alignment	: 64
address sizes	: 46 bits physical, 48 bits virtual
power management:

processor	: 5
vendor_id	: GenuineIntel
cpu family	: 6
model		: 45
model name	: Intel(R) Core(TM) i7-3820 CPU @ 3.60GHz
stepping	: 7
microcode	: 0x70c
cpu MHz		: 1200.000
cache size	: 10240 KB
physical id	: 0
siblings	: 8
core id		: 1
cpu cores	: 4
apicid		: 3
initial apicid	: 3
fdiv_bug	: no
f00f_bug	: no
coma_bug	: no
fpu		: yes
fpu_exception	: yes
cpuid level	: 13
wp		: yes
flags		: fpu vme de pse tsc msr pae mce cx8 apic sep mtrr pge mca cmov pat pse36 clflush dts acpi mmx fxsr sse sse2 ss ht tm pbe nx pdpe1gb rdtscp lm constant_tsc arch_perfmon pebs bts xtopology nonstop_tsc aperfmperf eagerfpu pni pclmulqdq dtes64 monitor ds_cpl vmx est tm2 ssse3 cx16 xtpr pdcm pcid dca sse4_1 sse4_2 x2apic popcnt tsc_deadline_timer aes xsave avx lahf_lm ida arat epb xsaveopt pln pts dtherm tpr_shadow vnmi flexpriority ept vpid
bogomips	: 7200.08
clflush size	: 64
cache_alignment	: 64
address sizes	: 46 bits physical, 48 bits virtual
power management:

processor	: 6
vendor_id	: GenuineIntel
cpu family	: 6
model		: 45
model name	: Intel(R) Core(TM) i7-3820 CPU @ 3.60GHz
stepping	: 7
microcode	: 0x70c
cpu MHz		: 1200.000
cache size	: 10240 KB
physical id	: 0
siblings	: 8
core id		: 2
cpu cores	: 4
apicid		: 5
initial apicid	: 5
fdiv_bug	: no
f00f_bug	: no
coma_bug	: no
fpu		: yes
fpu_exception	: yes
cpuid level	: 13
wp		: yes
flags		: fpu vme de pse tsc msr pae mce cx8 apic sep mtrr pge mca cmov pat pse36 clflush dts acpi mmx fxsr sse sse2 ss ht tm pbe nx pdpe1gb rdtscp lm constant_tsc arch_perfmon pebs bts xtopology nonstop_tsc aperfmperf eagerfpu pni pclmulqdq dtes64 monitor ds_cpl vmx est tm2 ssse3 cx16 xtpr pdcm pcid dca sse4_1 sse4_2 x2apic popcnt tsc_deadline_timer aes xsave avx lahf_lm ida arat epb xsaveopt pln pts dtherm tpr_shadow vnmi flexpriority ept vpid
bogomips	: 7200.08
clflush size	: 64
cache_alignment	: 64
address sizes	: 46 bits physical, 48 bits virtual
power management:

processor	: 7
vendor_id	: GenuineIntel
cpu family	: 6
model		: 45
model name	: Intel(R) Core(TM) i7-3820 CPU @ 3.60GHz
stepping	: 7
microcode	: 0x70c
cpu MHz		: 3601.000
cache size	: 10240 KB
physical id	: 0
siblings	: 8
core id		: 3
cpu cores	: 4
apicid		: 7
initial apicid	: 7
fdiv_bug	: no
f00f_bug	: no
coma_bug	: no
fpu		: yes
fpu_exception	: yes
cpuid level	: 13
wp		: yes
flags		: fpu vme de pse tsc msr pae mce cx8 apic sep mtrr pge mca cmov pat pse36 clflush dts acpi mmx fxsr sse sse2 ss ht tm pbe nx pdpe1gb rdtscp lm constant_tsc arch_perfmon pebs bts xtopology nonstop_tsc aperfmperf eagerfpu pni pclmulqdq dtes64 monitor ds_cpl vmx est tm2 ssse3 cx16 xtpr pdcm pcid dca sse4_1 sse4_2 x2apic popcnt tsc_deadline_timer aes xsave avx lahf_lm ida arat epb xsaveopt pln pts dtherm tpr_shadow vnmi flexpriority ept vpid
bogomips	: 7200.08
clflush size	: 64
cache_alignment	: 64
address sizes	: 46 bits physical, 48 bits virtual
power management:



Memory: 4k page, physical 16506892k(15375912k free), swap 16696316k(16696316k free)

vm_info: OpenJDK Server VM (24.51-b03) for linux-x86 JRE (1.7.0_55-b14), built on Apr 17 2014 21:15:58 by "buildd" with gcc 4.8.1

time: Sun Nov 23 19:52:27 2014
elapsed time: 0 seconds

